<?xml version="1.0" encoding="UTF-8"?>
<testng-results ignored="0" total="2" passed="2" failed="0" skipped="0">
  <reporter-output>
  </reporter-output>
  <suite started-at="2022-09-28T11:40:16 IST" name="Suite" finished-at="2022-09-28T11:40:45 IST" duration-ms="28448">
    <groups>
    </groups>
    <test started-at="2022-09-28T11:40:16 IST" name="TestNG" finished-at="2022-09-28T11:40:45 IST" duration-ms="28448">
      <class name="com.banking.testCases.TC_001_LoginTest">
        <test-method is-config="true" signature="SetUp(java.lang.String)[pri:0, instance:com.banking.testCases.TC_001_LoginTest@53812a9b]" started-at="2022-09-28T11:40:17 IST" name="SetUp" finished-at="2022-09-28T11:40:22 IST" duration-ms="5931" status="PASS">
          <params>
            <param index="0">
              <value>
                <![CDATA[chrome]]>
              </value>
            </param>
          </params>
          <reporter-output>
          </reporter-output>
        </test-method> <!-- SetUp -->
        <test-method signature="LoginTest()[pri:0, instance:com.banking.testCases.TC_001_LoginTest@53812a9b]" started-at="2022-09-28T11:40:23 IST" name="LoginTest" finished-at="2022-09-28T11:40:27 IST" duration-ms="4652" status="PASS">
          <reporter-output>
          </reporter-output>
        </test-method> <!-- LoginTest -->
      </class> <!-- com.banking.testCases.TC_001_LoginTest -->
      <class name="com.banking.testCases.TC_002_AddNewCustomer">
        <test-method is-config="true" signature="SetUp(java.lang.String)[pri:0, instance:com.banking.testCases.TC_002_AddNewCustomer@56bca85b]" started-at="2022-09-28T11:40:27 IST" name="SetUp" finished-at="2022-09-28T11:40:31 IST" duration-ms="4197" status="PASS">
          <params>
            <param index="0">
              <value>
                <![CDATA[chrome]]>
              </value>
            </param>
          </params>
          <reporter-output>
          </reporter-output>
        </test-method> <!-- SetUp -->
        <test-method signature="addnewcustomer()[pri:0, instance:com.banking.testCases.TC_002_AddNewCustomer@56bca85b]" started-at="2022-09-28T11:40:31 IST" name="addnewcustomer" finished-at="2022-09-28T11:40:45 IST" duration-ms="13552" status="PASS">
          <reporter-output>
          </reporter-output>
        </test-method> <!-- addnewcustomer -->
      </class> <!-- com.banking.testCases.TC_002_AddNewCustomer -->
    </test> <!-- TestNG -->
  </suite> <!-- Suite -->
</testng-results>
