<?xml version="1.0" encoding="UTF-8"?>
<testng-results ignored="0" total="1" passed="1" failed="0" skipped="0">
  <reporter-output>
  </reporter-output>
  <suite started-at="2022-09-28T12:11:33 IST" name="Suite" finished-at="2022-09-28T12:12:14 IST" duration-ms="40412">
    <groups>
    </groups>
    <test started-at="2022-09-28T12:11:33 IST" name="TestNG" finished-at="2022-09-28T12:12:14 IST" duration-ms="40412">
      <class name="com.banking.testCases.TC_002_AddNewCustomer">
        <test-method is-config="true" signature="SetUp(java.lang.String)[pri:0, instance:com.banking.testCases.TC_002_AddNewCustomer@58e6d4b8]" started-at="2022-09-28T12:11:33 IST" name="SetUp" finished-at="2022-09-28T12:11:42 IST" duration-ms="9028" status="PASS">
          <params>
            <param index="0">
              <value>
                <![CDATA[chrome]]>
              </value>
            </param>
          </params>
          <reporter-output>
          </reporter-output>
        </test-method> <!-- SetUp -->
        <test-method signature="addnewcustomer()[pri:0, instance:com.banking.testCases.TC_002_AddNewCustomer@58e6d4b8]" started-at="2022-09-28T12:11:42 IST" name="addnewcustomer" finished-at="2022-09-28T12:12:14 IST" duration-ms="31315" status="PASS">
          <reporter-output>
          </reporter-output>
        </test-method> <!-- addnewcustomer -->
      </class> <!-- com.banking.testCases.TC_002_AddNewCustomer -->
    </test> <!-- TestNG -->
  </suite> <!-- Suite -->
</testng-results>
